INFO [2022-11-23 11:20:13] $x
INFO [2022-11-23 11:20:13] x
INFO [2022-11-23 11:20:13] 
INFO [2022-11-23 11:20:13] $category.names
INFO [2022-11-23 11:20:13] SVCaller_names
INFO [2022-11-23 11:20:13] 
INFO [2022-11-23 11:20:13] $lwd
INFO [2022-11-23 11:20:13] [1] 2
INFO [2022-11-23 11:20:13] 
INFO [2022-11-23 11:20:13] $fill
INFO [2022-11-23 11:20:13] RColorBrewer::brewer.pal(3, "Pastel2")[1:length(SVCaller_names)]
INFO [2022-11-23 11:20:13] 
INFO [2022-11-23 11:20:13] $cex
INFO [2022-11-23 11:20:13] [1] 1
INFO [2022-11-23 11:20:13] 
INFO [2022-11-23 11:20:13] $fontface
INFO [2022-11-23 11:20:13] [1] "bold"
INFO [2022-11-23 11:20:13] 
INFO [2022-11-23 11:20:13] $filename
INFO [2022-11-23 11:20:13] NULL
INFO [2022-11-23 11:20:13] 
INFO [2022-11-23 11:20:13] $output
INFO [2022-11-23 11:20:13] [1] FALSE
INFO [2022-11-23 11:20:13] 
