INFO [2022-12-08 14:49:27] $x
INFO [2022-12-08 14:49:27] x
INFO [2022-12-08 14:49:27] 
INFO [2022-12-08 14:49:27] $category.names
INFO [2022-12-08 14:49:27] SVCaller_names
INFO [2022-12-08 14:49:27] 
INFO [2022-12-08 14:49:27] $lwd
INFO [2022-12-08 14:49:27] [1] 2
INFO [2022-12-08 14:49:27] 
INFO [2022-12-08 14:49:27] $fill
INFO [2022-12-08 14:49:27] RColorBrewer::brewer.pal(3, "Pastel2")[1:length(SVCaller_name)]
INFO [2022-12-08 14:49:27] 
INFO [2022-12-08 14:49:27] $cex
INFO [2022-12-08 14:49:27] [1] 1
INFO [2022-12-08 14:49:27] 
INFO [2022-12-08 14:49:27] $fontface
INFO [2022-12-08 14:49:27] [1] "bold"
INFO [2022-12-08 14:49:27] 
INFO [2022-12-08 14:49:27] $filename
INFO [2022-12-08 14:49:27] NULL
INFO [2022-12-08 14:49:27] 
INFO [2022-12-08 14:49:27] $output
INFO [2022-12-08 14:49:27] [1] FALSE
INFO [2022-12-08 14:49:27] 
