INFO [2022-12-08 14:49:32] $x
INFO [2022-12-08 14:49:32] x
INFO [2022-12-08 14:49:32] 
INFO [2022-12-08 14:49:32] $category.names
INFO [2022-12-08 14:49:32] SVCaller_names
INFO [2022-12-08 14:49:32] 
INFO [2022-12-08 14:49:32] $lwd
INFO [2022-12-08 14:49:32] [1] 2
INFO [2022-12-08 14:49:32] 
INFO [2022-12-08 14:49:32] $fill
INFO [2022-12-08 14:49:32] RColorBrewer::brewer.pal(3, "Pastel2")[1:length(SVCaller_names)]
INFO [2022-12-08 14:49:32] 
INFO [2022-12-08 14:49:32] $cex
INFO [2022-12-08 14:49:32] [1] 1
INFO [2022-12-08 14:49:32] 
INFO [2022-12-08 14:49:32] $fontface
INFO [2022-12-08 14:49:32] [1] "bold"
INFO [2022-12-08 14:49:32] 
INFO [2022-12-08 14:49:32] $filename
INFO [2022-12-08 14:49:32] NULL
INFO [2022-12-08 14:49:32] 
INFO [2022-12-08 14:49:32] $output
INFO [2022-12-08 14:49:32] [1] FALSE
INFO [2022-12-08 14:49:32] 
