INFO [2022-12-08 14:49:21] $x
INFO [2022-12-08 14:49:21] x
INFO [2022-12-08 14:49:21] 
INFO [2022-12-08 14:49:21] $category.names
INFO [2022-12-08 14:49:21] SVCaller_name
INFO [2022-12-08 14:49:21] 
INFO [2022-12-08 14:49:21] $lwd
INFO [2022-12-08 14:49:21] [1] 2
INFO [2022-12-08 14:49:21] 
INFO [2022-12-08 14:49:21] $fill
INFO [2022-12-08 14:49:21] RColorBrewer::brewer.pal(3, "Pastel2")[1:length(SVCaller_name)]
INFO [2022-12-08 14:49:21] 
INFO [2022-12-08 14:49:21] $cex
INFO [2022-12-08 14:49:21] [1] 1
INFO [2022-12-08 14:49:21] 
INFO [2022-12-08 14:49:21] $fontface
INFO [2022-12-08 14:49:21] [1] "bold"
INFO [2022-12-08 14:49:21] 
INFO [2022-12-08 14:49:21] $filename
INFO [2022-12-08 14:49:21] NULL
INFO [2022-12-08 14:49:21] 
INFO [2022-12-08 14:49:21] $output
INFO [2022-12-08 14:49:21] [1] FALSE
INFO [2022-12-08 14:49:21] 
